000 (383501.000.000) 07/30 13:55:08 Job submitted from host: <10.0.0.1:1031?addrs=10.0.0.1-1031>
...
000 (383501.001.000) 07/30 13:55:08 Job submitted from host: <10.0.0.1:1031?addrs=10.0.0.1-1031>
...
000 (383501.002.000) 07/30 13:55:08 Job submitted from host: <10.0.0.1:1031?addrs=10.0.0.1-1031>
...
000 (383501.003.000) 07/30 13:55:08 Job submitted from host: <10.0.0.1:1031?addrs=10.0.0.1-1031>
...
000 (383501.004.000) 07/30 13:55:08 Job submitted from host: <10.0.0.1:1031?addrs=10.0.0.1-1031>
...
000 (383501.005.000) 07/30 13:55:08 Job submitted from host: <10.0.0.1:1031?addrs=10.0.0.1-1031>
...
000 (383501.006.000) 07/30 13:55:08 Job submitted from host: <10.0.0.1:1031?addrs=10.0.0.1-1031>
...
000 (383501.007.000) 07/30 13:55:08 Job submitted from host: <10.0.0.1:1031?addrs=10.0.0.1-1031>
...
000 (383501.008.000) 07/30 13:55:08 Job submitted from host: <10.0.0.1:1031?addrs=10.0.0.1-1031>
...
000 (383501.009.000) 07/30 13:55:08 Job submitted from host: <10.0.0.1:1031?addrs=10.0.0.1-1031>
...
000 (383501.010.000) 07/30 13:55:08 Job submitted from host: <10.0.0.1:1031?addrs=10.0.0.1-1031>
...
000 (383501.011.000) 07/30 13:55:08 Job submitted from host: <10.0.0.1:1031?addrs=10.0.0.1-1031>
...
000 (383501.012.000) 07/30 13:55:08 Job submitted from host: <10.0.0.1:1031?addrs=10.0.0.1-1031>
...
000 (383501.013.000) 07/30 13:55:08 Job submitted from host: <10.0.0.1:1031?addrs=10.0.0.1-1031>
...
000 (383501.014.000) 07/30 13:55:08 Job submitted from host: <10.0.0.1:1031?addrs=10.0.0.1-1031>
...
000 (383501.015.000) 07/30 13:55:08 Job submitted from host: <10.0.0.1:1031?addrs=10.0.0.1-1031>
...
000 (383501.016.000) 07/30 13:55:08 Job submitted from host: <10.0.0.1:1031?addrs=10.0.0.1-1031>
...
000 (383501.017.000) 07/30 13:55:08 Job submitted from host: <10.0.0.1:1031?addrs=10.0.0.1-1031>
...
000 (383501.018.000) 07/30 13:55:08 Job submitted from host: <10.0.0.1:1031?addrs=10.0.0.1-1031>
...
000 (383501.019.000) 07/30 13:55:08 Job submitted from host: <10.0.0.1:1031?addrs=10.0.0.1-1031>
...
000 (383501.020.000) 07/30 13:55:08 Job submitted from host: <10.0.0.1:1031?addrs=10.0.0.1-1031>
...
000 (383501.021.000) 07/30 13:55:08 Job submitted from host: <10.0.0.1:1031?addrs=10.0.0.1-1031>
...
000 (383501.022.000) 07/30 13:55:08 Job submitted from host: <10.0.0.1:1031?addrs=10.0.0.1-1031>
...
000 (383501.023.000) 07/30 13:55:08 Job submitted from host: <10.0.0.1:1031?addrs=10.0.0.1-1031>
...
000 (383501.024.000) 07/30 13:55:08 Job submitted from host: <10.0.0.1:1031?addrs=10.0.0.1-1031>
...
000 (383501.025.000) 07/30 13:55:08 Job submitted from host: <10.0.0.1:1031?addrs=10.0.0.1-1031>
...
000 (383501.026.000) 07/30 13:55:08 Job submitted from host: <10.0.0.1:1031?addrs=10.0.0.1-1031>
...
000 (383501.027.000) 07/30 13:55:08 Job submitted from host: <10.0.0.1:1031?addrs=10.0.0.1-1031>
...
000 (383501.028.000) 07/30 13:55:08 Job submitted from host: <10.0.0.1:1031?addrs=10.0.0.1-1031>
...
000 (383501.029.000) 07/30 13:55:08 Job submitted from host: <10.0.0.1:1031?addrs=10.0.0.1-1031>
...
000 (383501.030.000) 07/30 13:55:08 Job submitted from host: <10.0.0.1:1031?addrs=10.0.0.1-1031>
...
000 (383501.031.000) 07/30 13:55:08 Job submitted from host: <10.0.0.1:1031?addrs=10.0.0.1-1031>
...
000 (383501.032.000) 07/30 13:55:08 Job submitted from host: <10.0.0.1:1031?addrs=10.0.0.1-1031>
...
001 (383501.000.000) 07/30 13:55:10 Job executing on host: <10.0.0.3:8182?addrs=10.0.0.3-8182>
...
001 (383501.001.000) 07/30 13:55:10 Job executing on host: <10.0.0.5:62369?addrs=10.0.0.5-62369>
...
001 (383501.002.000) 07/30 13:55:10 Job executing on host: <10.0.0.6:10328?addrs=10.0.0.6-10328>
...
001 (383501.003.000) 07/30 13:55:10 Job executing on host: <10.0.0.4:15575?addrs=10.0.0.4-15575>
...
001 (383501.004.000) 07/30 13:55:10 Job executing on host: <10.0.0.7:24820?addrs=10.0.0.7-24820>
...
001 (383501.005.000) 07/30 13:55:10 Job executing on host: <10.0.0.8:62420?addrs=10.0.0.8-62420>
...
001 (383501.006.000) 07/30 13:55:10 Job executing on host: <10.0.0.3:8182?addrs=10.0.0.3-8182>
...
001 (383501.007.000) 07/30 13:55:10 Job executing on host: <10.0.0.5:62369?addrs=10.0.0.5-62369>
...
001 (383501.008.000) 07/30 13:55:10 Job executing on host: <10.0.0.6:10328?addrs=10.0.0.6-10328>
...
001 (383501.009.000) 07/30 13:55:10 Job executing on host: <10.0.0.4:15575?addrs=10.0.0.4-15575>
...
001 (383501.010.000) 07/30 13:55:10 Job executing on host: <10.0.0.7:24820?addrs=10.0.0.7-24820>
...
001 (383501.011.000) 07/30 13:55:10 Job executing on host: <10.0.0.8:62420?addrs=10.0.0.8-62420>
...
001 (383501.012.000) 07/30 13:55:10 Job executing on host: <10.0.0.3:8182?addrs=10.0.0.3-8182>
...
001 (383501.013.000) 07/30 13:55:10 Job executing on host: <10.0.0.5:62369?addrs=10.0.0.5-62369>
...
001 (383501.014.000) 07/30 13:55:10 Job executing on host: <10.0.0.6:10328?addrs=10.0.0.6-10328>
...
001 (383501.015.000) 07/30 13:55:10 Job executing on host: <10.0.0.4:15575?addrs=10.0.0.4-15575>
...
001 (383501.016.000) 07/30 13:55:11 Job executing on host: <10.0.0.7:24820?addrs=10.0.0.7-24820>
...
001 (383501.017.000) 07/30 13:55:11 Job executing on host: <10.0.0.8:62420?addrs=10.0.0.8-62420>
...
001 (383501.018.000) 07/30 13:55:11 Job executing on host: <10.0.0.3:8182?addrs=10.0.0.3-8182>
...
001 (383501.020.000) 07/30 13:55:11 Job executing on host: <10.0.0.6:10328?addrs=10.0.0.6-10328>
...
001 (383501.019.000) 07/30 13:55:11 Job executing on host: <10.0.0.5:62369?addrs=10.0.0.5-62369>
...
001 (383501.021.000) 07/30 13:55:11 Job executing on host: <10.0.0.4:15575?addrs=10.0.0.4-15575>
...
001 (383501.022.000) 07/30 13:55:11 Job executing on host: <10.0.0.7:24820?addrs=10.0.0.7-24820>
...
001 (383501.024.000) 07/30 13:55:11 Job executing on host: <10.0.0.3:8182?addrs=10.0.0.3-8182>
...
001 (383501.023.000) 07/30 13:55:11 Job executing on host: <10.0.0.8:62420?addrs=10.0.0.8-62420>
...
001 (383501.025.000) 07/30 13:55:11 Job executing on host: <10.0.0.5:62369?addrs=10.0.0.5-62369>
...
001 (383501.026.000) 07/30 13:55:11 Job executing on host: <10.0.0.6:10328?addrs=10.0.0.6-10328>
...
001 (383501.027.000) 07/30 13:55:11 Job executing on host: <10.0.0.4:15575?addrs=10.0.0.4-15575>
...
001 (383501.028.000) 07/30 13:55:11 Job executing on host: <10.0.0.7:24820?addrs=10.0.0.7-24820>
...
001 (383501.029.000) 07/30 13:55:11 Job executing on host: <10.0.0.8:62420?addrs=10.0.0.8-62420>
...
001 (383501.030.000) 07/30 13:55:11 Job executing on host: <10.0.0.3:8182?addrs=10.0.0.3-8182>
...
001 (383501.031.000) 07/30 13:55:11 Job executing on host: <10.0.0.5:62369?addrs=10.0.0.5-62369>
...
001 (383501.032.000) 07/30 13:55:11 Job executing on host: <10.0.0.6:10328?addrs=10.0.0.6-10328>
...
006 (383501.000.000) 07/30 13:55:18 Image size of job updated: 150784
	42  -  MemoryUsage of job (MB)
	42316  -  ResidentSetSize of job (KB)
...
006 (383501.001.000) 07/30 13:55:18 Image size of job updated: 135452
	33  -  MemoryUsage of job (MB)
	32824  -  ResidentSetSize of job (KB)
...
006 (383501.002.000) 07/30 13:55:18 Image size of job updated: 147788
	41  -  MemoryUsage of job (MB)
	41380  -  ResidentSetSize of job (KB)
...
006 (383501.003.000) 07/30 13:55:18 Image size of job updated: 132664
	32  -  MemoryUsage of job (MB)
	32556  -  ResidentSetSize of job (KB)
...
006 (383501.015.000) 07/30 13:55:19 Image size of job updated: 346072
	107  -  MemoryUsage of job (MB)
	109228  -  ResidentSetSize of job (KB)
...
006 (383501.016.000) 07/30 13:55:19 Image size of job updated: 123552
	27  -  MemoryUsage of job (MB)
	27212  -  ResidentSetSize of job (KB)
...
006 (383501.018.000) 07/30 13:55:19 Image size of job updated: 123984
	28  -  MemoryUsage of job (MB)
	27688  -  ResidentSetSize of job (KB)
...
006 (383501.017.000) 07/30 13:55:19 Image size of job updated: 147600
	41  -  MemoryUsage of job (MB)
	41448  -  ResidentSetSize of job (KB)
...
006 (383501.019.000) 07/30 13:55:19 Image size of job updated: 123300
	27  -  MemoryUsage of job (MB)
	26632  -  ResidentSetSize of job (KB)
...
006 (383501.020.000) 07/30 13:55:19 Image size of job updated: 124436
	27  -  MemoryUsage of job (MB)
	27564  -  ResidentSetSize of job (KB)
...
006 (383501.021.000) 07/30 13:55:19 Image size of job updated: 356164
	117  -  MemoryUsage of job (MB)
	119400  -  ResidentSetSize of job (KB)
...
006 (383501.022.000) 07/30 13:55:19 Image size of job updated: 105348
	21  -  MemoryUsage of job (MB)
	20552  -  ResidentSetSize of job (KB)
...
006 (383501.024.000) 07/30 13:55:19 Image size of job updated: 108600
	22  -  MemoryUsage of job (MB)
	21784  -  ResidentSetSize of job (KB)
...
006 (383501.023.000) 07/30 13:55:19 Image size of job updated: 130740
	31  -  MemoryUsage of job (MB)
	30884  -  ResidentSetSize of job (KB)
...
006 (383501.025.000) 07/30 13:55:19 Image size of job updated: 99248
	18  -  MemoryUsage of job (MB)
	18364  -  ResidentSetSize of job (KB)
...
006 (383501.026.000) 07/30 13:55:19 Image size of job updated: 113136
	22  -  MemoryUsage of job (MB)
	22320  -  ResidentSetSize of job (KB)
...
006 (383501.027.000) 07/30 13:55:19 Image size of job updated: 338244
	100  -  MemoryUsage of job (MB)
	101648  -  ResidentSetSize of job (KB)
...
006 (383501.004.000) 07/30 13:55:19 Image size of job updated: 131936
	32  -  MemoryUsage of job (MB)
	31828  -  ResidentSetSize of job (KB)
...
006 (383501.006.000) 07/30 13:55:19 Image size of job updated: 133056
	33  -  MemoryUsage of job (MB)
	32816  -  ResidentSetSize of job (KB)
...
006 (383501.005.000) 07/30 13:55:19 Image size of job updated: 293532
	66  -  MemoryUsage of job (MB)
	66612  -  ResidentSetSize of job (KB)
...
006 (383501.007.000) 07/30 13:55:19 Image size of job updated: 130900
	30  -  MemoryUsage of job (MB)
	30048  -  ResidentSetSize of job (KB)
...
006 (383501.008.000) 07/30 13:55:19 Image size of job updated: 131160
	30  -  MemoryUsage of job (MB)
	30676  -  ResidentSetSize of job (KB)
...
006 (383501.009.000) 07/30 13:55:19 Image size of job updated: 334932
	96  -  MemoryUsage of job (MB)
	98192  -  ResidentSetSize of job (KB)
...
006 (383501.010.000) 07/30 13:55:19 Image size of job updated: 130772
	30  -  MemoryUsage of job (MB)
	30404  -  ResidentSetSize of job (KB)
...
006 (383501.012.000) 07/30 13:55:19 Image size of job updated: 130728
	30  -  MemoryUsage of job (MB)
	30204  -  ResidentSetSize of job (KB)
...
006 (383501.011.000) 07/30 13:55:19 Image size of job updated: 226068
	52  -  MemoryUsage of job (MB)
	52936  -  ResidentSetSize of job (KB)
...
006 (383501.013.000) 07/30 13:55:19 Image size of job updated: 130752
	30  -  MemoryUsage of job (MB)
	30168  -  ResidentSetSize of job (KB)
...
006 (383501.014.000) 07/30 13:55:20 Image size of job updated: 126024
	29  -  MemoryUsage of job (MB)
	29684  -  ResidentSetSize of job (KB)
...
006 (383501.028.000) 07/30 13:55:20 Image size of job updated: 1
	4  -  MemoryUsage of job (MB)
	4092  -  ResidentSetSize of job (KB)
...
006 (383501.030.000) 07/30 13:55:20 Image size of job updated: 1
	5  -  MemoryUsage of job (MB)
	4120  -  ResidentSetSize of job (KB)
...
006 (383501.029.000) 07/30 13:55:20 Image size of job updated: 130744
	30  -  MemoryUsage of job (MB)
	30712  -  ResidentSetSize of job (KB)
...
006 (383501.031.000) 07/30 13:55:20 Image size of job updated: 1
	4  -  MemoryUsage of job (MB)
	4052  -  ResidentSetSize of job (KB)
...
006 (383501.032.000) 07/30 13:55:20 Image size of job updated: 1
	5  -  MemoryUsage of job (MB)
	4128  -  ResidentSetSize of job (KB)
...
006 (383501.013.000) 07/30 13:57:37 Image size of job updated: 353612
	30  -  MemoryUsage of job (MB)
	30168  -  ResidentSetSize of job (KB)
...
005 (383501.013.000) 07/30 13:57:37 Job terminated.
	(1) Normal termination (return value 0)
		Usr 0 00:01:59, Sys 0 00:00:03  -  Run Remote Usage
		Usr 0 00:00:00, Sys 0 00:00:00  -  Run Local Usage
		Usr 0 00:01:59, Sys 0 00:00:03  -  Total Remote Usage
		Usr 0 00:00:00, Sys 0 00:00:00  -  Total Local Usage
	0  -  Run Bytes Sent By Job
	0  -  Run Bytes Received By Job
	0  -  Total Bytes Sent By Job
	0  -  Total Bytes Received By Job
	Partitionable Resources :    Usage  Request Allocated
	   Cpus                 :                 1         1
	   Disk (KB)            :        1        1     74251
	   Memory (MB)          :       30        1         1
...
006 (383501.032.000) 07/30 13:57:39 Image size of job updated: 355180
	5  -  MemoryUsage of job (MB)
	4128  -  ResidentSetSize of job (KB)
...
005 (383501.032.000) 07/30 13:57:39 Job terminated.
	(1) Normal termination (return value 0)
		Usr 0 00:01:58, Sys 0 00:00:03  -  Run Remote Usage
		Usr 0 00:00:00, Sys 0 00:00:00  -  Run Local Usage
		Usr 0 00:01:58, Sys 0 00:00:03  -  Total Remote Usage
		Usr 0 00:00:00, Sys 0 00:00:00  -  Total Local Usage
	0  -  Run Bytes Sent By Job
	0  -  Run Bytes Received By Job
	0  -  Total Bytes Sent By Job
	0  -  Total Bytes Received By Job
	Partitionable Resources :    Usage  Request Allocated
	   Cpus                 :                 1         1
	   Disk (KB)            :        1        1     69775
	   Memory (MB)          :        5        1         1
...
006 (383501.009.000) 07/30 13:57:40 Image size of job updated: 354284
	96  -  MemoryUsage of job (MB)
	98192  -  ResidentSetSize of job (KB)
...
005 (383501.009.000) 07/30 13:57:40 Job terminated.
	(1) Normal termination (return value 0)
		Usr 0 00:02:07, Sys 0 00:00:04  -  Run Remote Usage
		Usr 0 00:00:00, Sys 0 00:00:00  -  Run Local Usage
		Usr 0 00:02:07, Sys 0 00:00:04  -  Total Remote Usage
		Usr 0 00:00:00, Sys 0 00:00:00  -  Total Local Usage
	0  -  Run Bytes Sent By Job
	0  -  Run Bytes Received By Job
	0  -  Total Bytes Sent By Job
	0  -  Total Bytes Received By Job
	Partitionable Resources :    Usage  Request Allocated
	   Cpus                 :                 1         1
	   Disk (KB)            :        1        1     71843
	   Memory (MB)          :       96        1         1
...
005 (383501.021.000) 07/30 13:57:41 Job terminated.
	(1) Normal termination (return value 0)
		Usr 0 00:02:13, Sys 0 00:00:04  -  Run Remote Usage
		Usr 0 00:00:00, Sys 0 00:00:00  -  Run Local Usage
		Usr 0 00:02:13, Sys 0 00:00:04  -  Total Remote Usage
		Usr 0 00:00:00, Sys 0 00:00:00  -  Total Local Usage
	0  -  Run Bytes Sent By Job
	0  -  Run Bytes Received By Job
	0  -  Total Bytes Sent By Job
	0  -  Total Bytes Received By Job
	Partitionable Resources :    Usage  Request Allocated
	   Cpus                 :                 1         1
	   Disk (KB)            :        1        1     71842
	   Memory (MB)          :      117        1         1
...
006 (383501.020.000) 07/30 13:57:42 Image size of job updated: 353772
	27  -  MemoryUsage of job (MB)
	27564  -  ResidentSetSize of job (KB)
...
005 (383501.020.000) 07/30 13:57:42 Job terminated.
	(1) Normal termination (return value 0)
		Usr 0 00:02:13, Sys 0 00:00:04  -  Run Remote Usage
		Usr 0 00:00:00, Sys 0 00:00:00  -  Run Local Usage
		Usr 0 00:02:13, Sys 0 00:00:04  -  Total Remote Usage
		Usr 0 00:00:00, Sys 0 00:00:00  -  Total Local Usage
	0  -  Run Bytes Sent By Job
	0  -  Run Bytes Received By Job
	0  -  Total Bytes Sent By Job
	0  -  Total Bytes Received By Job
	Partitionable Resources :    Usage  Request Allocated
	   Cpus                 :                 1         1
	   Disk (KB)            :        1        1     69776
	   Memory (MB)          :       27        1         1
...
006 (383501.019.000) 07/30 13:57:45 Image size of job updated: 353608
	27  -  MemoryUsage of job (MB)
	26632  -  ResidentSetSize of job (KB)
...
005 (383501.019.000) 07/30 13:57:45 Job terminated.
	(1) Normal termination (return value 0)
		Usr 0 00:02:14, Sys 0 00:00:04  -  Run Remote Usage
		Usr 0 00:00:00, Sys 0 00:00:00  -  Run Local Usage
		Usr 0 00:02:14, Sys 0 00:00:04  -  Total Remote Usage
		Usr 0 00:00:00, Sys 0 00:00:00  -  Total Local Usage
	0  -  Run Bytes Sent By Job
	0  -  Run Bytes Received By Job
	0  -  Total Bytes Sent By Job
	0  -  Total Bytes Received By Job
	Partitionable Resources :    Usage  Request Allocated
	   Cpus                 :                 1         1
	   Disk (KB)            :        1        1     74251
	   Memory (MB)          :       27        1         1
...
006 (383501.003.000) 07/30 13:57:45 Image size of job updated: 354484
	32  -  MemoryUsage of job (MB)
	32556  -  ResidentSetSize of job (KB)
...
005 (383501.003.000) 07/30 13:57:45 Job terminated.
	(1) Normal termination (return value 0)
		Usr 0 00:02:14, Sys 0 00:00:04  -  Run Remote Usage
		Usr 0 00:00:00, Sys 0 00:00:00  -  Run Local Usage
		Usr 0 00:02:14, Sys 0 00:00:04  -  Total Remote Usage
		Usr 0 00:00:00, Sys 0 00:00:00  -  Total Local Usage
	0  -  Run Bytes Sent By Job
	0  -  Run Bytes Received By Job
	0  -  Total Bytes Sent By Job
	0  -  Total Bytes Received By Job
	Partitionable Resources :    Usage  Request Allocated
	   Cpus                 :                 1         1
	   Disk (KB)            :        1        1     71843
	   Memory (MB)          :       32        1         1
...
006 (383501.012.000) 07/30 13:57:45 Image size of job updated: 353584
	30  -  MemoryUsage of job (MB)
	30204  -  ResidentSetSize of job (KB)
...
005 (383501.012.000) 07/30 13:57:46 Job terminated.
	(1) Normal termination (return value 0)
		Usr 0 00:02:12, Sys 0 00:00:05  -  Run Remote Usage
		Usr 0 00:00:00, Sys 0 00:00:00  -  Run Local Usage
		Usr 0 00:02:12, Sys 0 00:00:05  -  Total Remote Usage
		Usr 0 00:00:00, Sys 0 00:00:00  -  Total Local Usage
	0  -  Run Bytes Sent By Job
	0  -  Run Bytes Received By Job
	0  -  Total Bytes Sent By Job
	0  -  Total Bytes Received By Job
	Partitionable Resources :    Usage  Request Allocated
	   Cpus                 :                 1         1
	   Disk (KB)            :        1        1     79555
	   Memory (MB)          :       30        1         1
...
006 (383501.002.000) 07/30 13:57:46 Image size of job updated: 354236
	41  -  MemoryUsage of job (MB)
	41380  -  ResidentSetSize of job (KB)
...
005 (383501.002.000) 07/30 13:57:46 Job terminated.
	(1) Normal termination (return value 0)
		Usr 0 00:02:15, Sys 0 00:00:04  -  Run Remote Usage
		Usr 0 00:00:00, Sys 0 00:00:00  -  Run Local Usage
		Usr 0 00:02:15, Sys 0 00:00:04  -  Total Remote Usage
		Usr 0 00:00:00, Sys 0 00:00:00  -  Total Local Usage
	0  -  Run Bytes Sent By Job
	0  -  Run Bytes Received By Job
	0  -  Total Bytes Sent By Job
	0  -  Total Bytes Received By Job
	Partitionable Resources :    Usage  Request Allocated
	   Cpus                 :                 1         1
	   Disk (KB)            :        1        1     69777
	   Memory (MB)          :       41        1         1
...
006 (383501.018.000) 07/30 13:57:46 Image size of job updated: 353800
	28  -  MemoryUsage of job (MB)
	27688  -  ResidentSetSize of job (KB)
...
005 (383501.018.000) 07/30 13:57:46 Job terminated.
	(1) Normal termination (return value 0)
		Usr 0 00:02:17, Sys 0 00:00:05  -  Run Remote Usage
		Usr 0 00:00:00, Sys 0 00:00:00  -  Run Local Usage
		Usr 0 00:02:17, Sys 0 00:00:05  -  Total Remote Usage
		Usr 0 00:00:00, Sys 0 00:00:00  -  Total Local Usage
	0  -  Run Bytes Sent By Job
	0  -  Run Bytes Received By Job
	0  -  Total Bytes Sent By Job
	0  -  Total Bytes Received By Job
	Partitionable Resources :    Usage  Request Allocated
	   Cpus                 :                 1         1
	   Disk (KB)            :        1        1     79555
	   Memory (MB)          :       28        1         1
...
006 (383501.007.000) 07/30 13:57:46 Image size of job updated: 355872
	30  -  MemoryUsage of job (MB)
	30048  -  ResidentSetSize of job (KB)
...
005 (383501.007.000) 07/30 13:57:46 Job terminated.
	(1) Normal termination (return value 0)
		Usr 0 00:02:17, Sys 0 00:00:04  -  Run Remote Usage
		Usr 0 00:00:00, Sys 0 00:00:00  -  Run Local Usage
		Usr 0 00:02:17, Sys 0 00:00:04  -  Total Remote Usage
		Usr 0 00:00:00, Sys 0 00:00:00  -  Total Local Usage
	0  -  Run Bytes Sent By Job
	0  -  Run Bytes Received By Job
	0  -  Total Bytes Sent By Job
	0  -  Total Bytes Received By Job
	Partitionable Resources :    Usage  Request Allocated
	   Cpus                 :                 1         1
	   Disk (KB)            :        1        1     74251
	   Memory (MB)          :       30        1         1
...
006 (383501.008.000) 07/30 13:57:46 Image size of job updated: 354248
	30  -  MemoryUsage of job (MB)
	30676  -  ResidentSetSize of job (KB)
...
005 (383501.008.000) 07/30 13:57:46 Job terminated.
	(1) Normal termination (return value 0)
		Usr 0 00:02:18, Sys 0 00:00:04  -  Run Remote Usage
		Usr 0 00:00:00, Sys 0 00:00:00  -  Run Local Usage
		Usr 0 00:02:18, Sys 0 00:00:04  -  Total Remote Usage
		Usr 0 00:00:00, Sys 0 00:00:00  -  Total Local Usage
	0  -  Run Bytes Sent By Job
	0  -  Run Bytes Received By Job
	0  -  Total Bytes Sent By Job
	0  -  Total Bytes Received By Job
	Partitionable Resources :    Usage  Request Allocated
	   Cpus                 :                 1         1
	   Disk (KB)            :        1        1     69777
	   Memory (MB)          :       30        1         1
...
006 (383501.001.000) 07/30 13:57:46 Image size of job updated: 354440
	33  -  MemoryUsage of job (MB)
	32824  -  ResidentSetSize of job (KB)
...
005 (383501.001.000) 07/30 13:57:46 Job terminated.
	(1) Normal termination (return value 0)
		Usr 0 00:02:18, Sys 0 00:00:04  -  Run Remote Usage
		Usr 0 00:00:00, Sys 0 00:00:00  -  Run Local Usage
		Usr 0 00:02:18, Sys 0 00:00:04  -  Total Remote Usage
		Usr 0 00:00:00, Sys 0 00:00:00  -  Total Local Usage
	0  -  Run Bytes Sent By Job
	0  -  Run Bytes Received By Job
	0  -  Total Bytes Sent By Job
	0  -  Total Bytes Received By Job
	Partitionable Resources :    Usage  Request Allocated
	   Cpus                 :                 1         1
	   Disk (KB)            :        1        1     74251
	   Memory (MB)          :       33        1         1
...
006 (383501.030.000) 07/30 13:57:47 Image size of job updated: 353608
	5  -  MemoryUsage of job (MB)
	4120  -  ResidentSetSize of job (KB)
...
005 (383501.030.000) 07/30 13:57:47 Job terminated.
	(1) Normal termination (return value 0)
		Usr 0 00:02:17, Sys 0 00:00:05  -  Run Remote Usage
		Usr 0 00:00:00, Sys 0 00:00:00  -  Run Local Usage
		Usr 0 00:02:17, Sys 0 00:00:05  -  Total Remote Usage
		Usr 0 00:00:00, Sys 0 00:00:00  -  Total Local Usage
	0  -  Run Bytes Sent By Job
	0  -  Run Bytes Received By Job
	0  -  Total Bytes Sent By Job
	0  -  Total Bytes Received By Job
	Partitionable Resources :    Usage  Request Allocated
	   Cpus                 :                 1         1
	   Disk (KB)            :        1        1     79554
	   Memory (MB)          :        5        1         1
...
006 (383501.025.000) 07/30 13:57:48 Image size of job updated: 354664
	18  -  MemoryUsage of job (MB)
	18364  -  ResidentSetSize of job (KB)
...
006 (383501.000.000) 07/30 13:57:48 Image size of job updated: 354000
	42  -  MemoryUsage of job (MB)
	42316  -  ResidentSetSize of job (KB)
...
005 (383501.025.000) 07/30 13:57:48 Job terminated.
	(1) Normal termination (return value 0)
		Usr 0 00:02:19, Sys 0 00:00:04  -  Run Remote Usage
		Usr 0 00:00:00, Sys 0 00:00:00  -  Run Local Usage
		Usr 0 00:02:19, Sys 0 00:00:04  -  Total Remote Usage
		Usr 0 00:00:00, Sys 0 00:00:00  -  Total Local Usage
	0  -  Run Bytes Sent By Job
	0  -  Run Bytes Received By Job
	0  -  Total Bytes Sent By Job
	0  -  Total Bytes Received By Job
	Partitionable Resources :    Usage  Request Allocated
	   Cpus                 :                 1         1
	   Disk (KB)            :        1        1     74251
	   Memory (MB)          :       18        1         1
...
005 (383501.000.000) 07/30 13:57:48 Job terminated.
	(1) Normal termination (return value 0)
		Usr 0 00:02:19, Sys 0 00:00:05  -  Run Remote Usage
		Usr 0 00:00:00, Sys 0 00:00:00  -  Run Local Usage
		Usr 0 00:02:19, Sys 0 00:00:05  -  Total Remote Usage
		Usr 0 00:00:00, Sys 0 00:00:00  -  Total Local Usage
	0  -  Run Bytes Sent By Job
	0  -  Run Bytes Received By Job
	0  -  Total Bytes Sent By Job
	0  -  Total Bytes Received By Job
	Partitionable Resources :    Usage  Request Allocated
	   Cpus                 :                 1         1
	   Disk (KB)            :        1        1     79555
	   Memory (MB)          :       42        1         1
...
006 (383501.010.000) 07/30 13:57:48 Image size of job updated: 354012
	30  -  MemoryUsage of job (MB)
	30404  -  ResidentSetSize of job (KB)
...
005 (383501.010.000) 07/30 13:57:48 Job terminated.
	(1) Normal termination (return value 0)
		Usr 0 00:02:14, Sys 0 00:00:05  -  Run Remote Usage
		Usr 0 00:00:00, Sys 0 00:00:00  -  Run Local Usage
		Usr 0 00:02:14, Sys 0 00:00:05  -  Total Remote Usage
		Usr 0 00:00:00, Sys 0 00:00:00  -  Total Local Usage
	0  -  Run Bytes Sent By Job
	0  -  Run Bytes Received By Job
	0  -  Total Bytes Sent By Job
	0  -  Total Bytes Received By Job
	Partitionable Resources :    Usage  Request Allocated
	   Cpus                 :                 1         1
	   Disk (KB)            :        1        1     75555
	   Memory (MB)          :       30        1         1
...
006 (383501.004.000) 07/30 13:57:49 Image size of job updated: 354888
	32  -  MemoryUsage of job (MB)
	31828  -  ResidentSetSize of job (KB)
...
005 (383501.004.000) 07/30 13:57:49 Job terminated.
	(1) Normal termination (return value 0)
		Usr 0 00:02:19, Sys 0 00:00:05  -  Run Remote Usage
		Usr 0 00:00:00, Sys 0 00:00:00  -  Run Local Usage
		Usr 0 00:02:19, Sys 0 00:00:05  -  Total Remote Usage
		Usr 0 00:00:00, Sys 0 00:00:00  -  Total Local Usage
	0  -  Run Bytes Sent By Job
	0  -  Run Bytes Received By Job
	0  -  Total Bytes Sent By Job
	0  -  Total Bytes Received By Job
	Partitionable Resources :    Usage  Request Allocated
	   Cpus                 :                 1         1
	   Disk (KB)            :        1        1     75555
	   Memory (MB)          :       32        1         1
...
006 (383501.014.000) 07/30 13:57:49 Image size of job updated: 355120
	29  -  MemoryUsage of job (MB)
	29684  -  ResidentSetSize of job (KB)
...
005 (383501.014.000) 07/30 13:57:49 Job terminated.
	(1) Normal termination (return value 0)
		Usr 0 00:02:20, Sys 0 00:00:04  -  Run Remote Usage
		Usr 0 00:00:00, Sys 0 00:00:00  -  Run Local Usage
		Usr 0 00:02:20, Sys 0 00:00:04  -  Total Remote Usage
		Usr 0 00:00:00, Sys 0 00:00:00  -  Total Local Usage
	0  -  Run Bytes Sent By Job
	0  -  Run Bytes Received By Job
	0  -  Total Bytes Sent By Job
	0  -  Total Bytes Received By Job
	Partitionable Resources :    Usage  Request Allocated
	   Cpus                 :                 1         1
	   Disk (KB)            :        1        1     69777
	   Memory (MB)          :       29        1         1
...
006 (383501.031.000) 07/30 13:57:49 Image size of job updated: 353620
	4  -  MemoryUsage of job (MB)
	4052  -  ResidentSetSize of job (KB)
...
005 (383501.031.000) 07/30 13:57:49 Job terminated.
	(1) Normal termination (return value 0)
		Usr 0 00:02:20, Sys 0 00:00:04  -  Run Remote Usage
		Usr 0 00:00:00, Sys 0 00:00:00  -  Run Local Usage
		Usr 0 00:02:20, Sys 0 00:00:04  -  Total Remote Usage
		Usr 0 00:00:00, Sys 0 00:00:00  -  Total Local Usage
	0  -  Run Bytes Sent By Job
	0  -  Run Bytes Received By Job
	0  -  Total Bytes Sent By Job
	0  -  Total Bytes Received By Job
	Partitionable Resources :    Usage  Request Allocated
	   Cpus                 :                 1         1
	   Disk (KB)            :        1        1     74251
	   Memory (MB)          :        4        1         1
...
006 (383501.026.000) 07/30 13:57:50 Image size of job updated: 353624
	22  -  MemoryUsage of job (MB)
	22320  -  ResidentSetSize of job (KB)
...
005 (383501.026.000) 07/30 13:57:50 Job terminated.
	(1) Normal termination (return value 0)
		Usr 0 00:02:22, Sys 0 00:00:04  -  Run Remote Usage
		Usr 0 00:00:00, Sys 0 00:00:00  -  Run Local Usage
		Usr 0 00:02:22, Sys 0 00:00:04  -  Total Remote Usage
		Usr 0 00:00:00, Sys 0 00:00:00  -  Total Local Usage
	0  -  Run Bytes Sent By Job
	0  -  Run Bytes Received By Job
	0  -  Total Bytes Sent By Job
	0  -  Total Bytes Received By Job
	Partitionable Resources :    Usage  Request Allocated
	   Cpus                 :                 1         1
	   Disk (KB)            :        1        1     69775
	   Memory (MB)          :       22        1         1
...
006 (383501.015.000) 07/30 13:57:53 Image size of job updated: 353616
	107  -  MemoryUsage of job (MB)
	109228  -  ResidentSetSize of job (KB)
...
005 (383501.015.000) 07/30 13:57:53 Job terminated.
	(1) Normal termination (return value 0)
		Usr 0 00:02:22, Sys 0 00:00:04  -  Run Remote Usage
		Usr 0 00:00:00, Sys 0 00:00:00  -  Run Local Usage
		Usr 0 00:02:22, Sys 0 00:00:04  -  Total Remote Usage
		Usr 0 00:00:00, Sys 0 00:00:00  -  Total Local Usage
	0  -  Run Bytes Sent By Job
	0  -  Run Bytes Received By Job
	0  -  Total Bytes Sent By Job
	0  -  Total Bytes Received By Job
	Partitionable Resources :    Usage  Request Allocated
	   Cpus                 :                 1         1
	   Disk (KB)            :        1        1     71843
	   Memory (MB)          :      107        1         1
...
006 (383501.027.000) 07/30 13:57:54 Image size of job updated: 354656
	100  -  MemoryUsage of job (MB)
	101648  -  ResidentSetSize of job (KB)
...
006 (383501.024.000) 07/30 13:57:54 Image size of job updated: 353620
	22  -  MemoryUsage of job (MB)
	21784  -  ResidentSetSize of job (KB)
...
005 (383501.027.000) 07/30 13:57:54 Job terminated.
	(1) Normal termination (return value 0)
		Usr 0 00:02:26, Sys 0 00:00:04  -  Run Remote Usage
		Usr 0 00:00:00, Sys 0 00:00:00  -  Run Local Usage
		Usr 0 00:02:26, Sys 0 00:00:04  -  Total Remote Usage
		Usr 0 00:00:00, Sys 0 00:00:00  -  Total Local Usage
	0  -  Run Bytes Sent By Job
	0  -  Run Bytes Received By Job
	0  -  Total Bytes Sent By Job
	0  -  Total Bytes Received By Job
	Partitionable Resources :    Usage  Request Allocated
	   Cpus                 :                 1         1
	   Disk (KB)            :        1        1     71842
	   Memory (MB)          :      100        1         1
...
005 (383501.024.000) 07/30 13:57:54 Job terminated.
	(1) Normal termination (return value 0)
		Usr 0 00:02:20, Sys 0 00:00:05  -  Run Remote Usage
		Usr 0 00:00:00, Sys 0 00:00:00  -  Run Local Usage
		Usr 0 00:02:20, Sys 0 00:00:05  -  Total Remote Usage
		Usr 0 00:00:00, Sys 0 00:00:00  -  Total Local Usage
	0  -  Run Bytes Sent By Job
	0  -  Run Bytes Received By Job
	0  -  Total Bytes Sent By Job
	0  -  Total Bytes Received By Job
	Partitionable Resources :    Usage  Request Allocated
	   Cpus                 :                 1         1
	   Disk (KB)            :        1        1     79554
	   Memory (MB)          :       22        1         1
...
006 (383501.022.000) 07/30 13:57:59 Image size of job updated: 355084
	21  -  MemoryUsage of job (MB)
	20552  -  ResidentSetSize of job (KB)
...
005 (383501.022.000) 07/30 13:57:59 Job terminated.
	(1) Normal termination (return value 0)
		Usr 0 00:02:28, Sys 0 00:00:05  -  Run Remote Usage
		Usr 0 00:00:00, Sys 0 00:00:00  -  Run Local Usage
		Usr 0 00:02:28, Sys 0 00:00:05  -  Total Remote Usage
		Usr 0 00:00:00, Sys 0 00:00:00  -  Total Local Usage
	0  -  Run Bytes Sent By Job
	0  -  Run Bytes Received By Job
	0  -  Total Bytes Sent By Job
	0  -  Total Bytes Received By Job
	Partitionable Resources :    Usage  Request Allocated
	   Cpus                 :                 1         1
	   Disk (KB)            :        1        1     75555
	   Memory (MB)          :       21        1         1
...
006 (383501.006.000) 07/30 13:57:59 Image size of job updated: 354700
	33  -  MemoryUsage of job (MB)
	32816  -  ResidentSetSize of job (KB)
...
005 (383501.006.000) 07/30 13:57:59 Job terminated.
	(1) Normal termination (return value 0)
		Usr 0 00:02:26, Sys 0 00:00:05  -  Run Remote Usage
		Usr 0 00:00:00, Sys 0 00:00:00  -  Run Local Usage
		Usr 0 00:02:26, Sys 0 00:00:05  -  Total Remote Usage
		Usr 0 00:00:00, Sys 0 00:00:00  -  Total Local Usage
	0  -  Run Bytes Sent By Job
	0  -  Run Bytes Received By Job
	0  -  Total Bytes Sent By Job
	0  -  Total Bytes Received By Job
	Partitionable Resources :    Usage  Request Allocated
	   Cpus                 :                 1         1
	   Disk (KB)            :        1        1     79555
	   Memory (MB)          :       33        1         1
...
006 (383501.028.000) 07/30 13:58:01 Image size of job updated: 354276
	4  -  MemoryUsage of job (MB)
	4092  -  ResidentSetSize of job (KB)
...
005 (383501.028.000) 07/30 13:58:01 Job terminated.
	(1) Normal termination (return value 0)
		Usr 0 00:02:30, Sys 0 00:00:05  -  Run Remote Usage
		Usr 0 00:00:00, Sys 0 00:00:00  -  Run Local Usage
		Usr 0 00:02:30, Sys 0 00:00:05  -  Total Remote Usage
		Usr 0 00:00:00, Sys 0 00:00:00  -  Total Local Usage
	0  -  Run Bytes Sent By Job
	0  -  Run Bytes Received By Job
	0  -  Total Bytes Sent By Job
	0  -  Total Bytes Received By Job
	Partitionable Resources :    Usage  Request Allocated
	   Cpus                 :                 1         1
	   Disk (KB)            :        1        1     75555
	   Memory (MB)          :        4        1         1
...
006 (383501.023.000) 07/30 13:58:01 Image size of job updated: 351452
	31  -  MemoryUsage of job (MB)
	30884  -  ResidentSetSize of job (KB)
...
005 (383501.023.000) 07/30 13:58:01 Job terminated.
	(1) Normal termination (return value 0)
		Usr 0 00:02:29, Sys 0 00:00:07  -  Run Remote Usage
		Usr 0 00:00:00, Sys 0 00:00:00  -  Run Local Usage
		Usr 0 00:02:29, Sys 0 00:00:07  -  Total Remote Usage
		Usr 0 00:00:00, Sys 0 00:00:00  -  Total Local Usage
	0  -  Run Bytes Sent By Job
	0  -  Run Bytes Received By Job
	0  -  Total Bytes Sent By Job
	0  -  Total Bytes Received By Job
	Partitionable Resources :    Usage  Request Allocated
	   Cpus                 :                 1         1
	   Disk (KB)            :        1        1     18098
	   Memory (MB)          :       31        1         1
...
006 (383501.017.000) 07/30 13:58:03 Image size of job updated: 354944
	41  -  MemoryUsage of job (MB)
	41448  -  ResidentSetSize of job (KB)
...
005 (383501.017.000) 07/30 13:58:03 Job terminated.
	(1) Normal termination (return value 0)
		Usr 0 00:02:31, Sys 0 00:00:07  -  Run Remote Usage
		Usr 0 00:00:00, Sys 0 00:00:00  -  Run Local Usage
		Usr 0 00:02:31, Sys 0 00:00:07  -  Total Remote Usage
		Usr 0 00:00:00, Sys 0 00:00:00  -  Total Local Usage
	0  -  Run Bytes Sent By Job
	0  -  Run Bytes Received By Job
	0  -  Total Bytes Sent By Job
	0  -  Total Bytes Received By Job
	Partitionable Resources :    Usage  Request Allocated
	   Cpus                 :                 1         1
	   Disk (KB)            :        1        1     18098
	   Memory (MB)          :       41        1         1
...
006 (383501.005.000) 07/30 13:58:03 Image size of job updated: 355144
	66  -  MemoryUsage of job (MB)
	66612  -  ResidentSetSize of job (KB)
...
005 (383501.005.000) 07/30 13:58:03 Job terminated.
	(1) Normal termination (return value 0)
		Usr 0 00:02:32, Sys 0 00:00:07  -  Run Remote Usage
		Usr 0 00:00:00, Sys 0 00:00:00  -  Run Local Usage
		Usr 0 00:02:32, Sys 0 00:00:07  -  Total Remote Usage
		Usr 0 00:00:00, Sys 0 00:00:00  -  Total Local Usage
	0  -  Run Bytes Sent By Job
	0  -  Run Bytes Received By Job
	0  -  Total Bytes Sent By Job
	0  -  Total Bytes Received By Job
	Partitionable Resources :    Usage  Request Allocated
	   Cpus                 :                 1         1
	   Disk (KB)            :        1        1     18098
	   Memory (MB)          :       66        1         1
...
006 (383501.011.000) 07/30 13:58:04 Image size of job updated: 354288
	52  -  MemoryUsage of job (MB)
	52936  -  ResidentSetSize of job (KB)
...
005 (383501.011.000) 07/30 13:58:04 Job terminated.
	(1) Normal termination (return value 0)
		Usr 0 00:02:33, Sys 0 00:00:07  -  Run Remote Usage
		Usr 0 00:00:00, Sys 0 00:00:00  -  Run Local Usage
		Usr 0 00:02:33, Sys 0 00:00:07  -  Total Remote Usage
		Usr 0 00:00:00, Sys 0 00:00:00  -  Total Local Usage
	0  -  Run Bytes Sent By Job
	0  -  Run Bytes Received By Job
	0  -  Total Bytes Sent By Job
	0  -  Total Bytes Received By Job
	Partitionable Resources :    Usage  Request Allocated
	   Cpus                 :                 1         1
	   Disk (KB)            :        1        1     18098
	   Memory (MB)          :       52        1         1
...
006 (383501.016.000) 07/30 13:58:04 Image size of job updated: 353780
	27  -  MemoryUsage of job (MB)
	27212  -  ResidentSetSize of job (KB)
...
005 (383501.016.000) 07/30 13:58:05 Job terminated.
	(1) Normal termination (return value 0)
		Usr 0 00:02:33, Sys 0 00:00:05  -  Run Remote Usage
		Usr 0 00:00:00, Sys 0 00:00:00  -  Run Local Usage
		Usr 0 00:02:33, Sys 0 00:00:05  -  Total Remote Usage
		Usr 0 00:00:00, Sys 0 00:00:00  -  Total Local Usage
	0  -  Run Bytes Sent By Job
	0  -  Run Bytes Received By Job
	0  -  Total Bytes Sent By Job
	0  -  Total Bytes Received By Job
	Partitionable Resources :    Usage  Request Allocated
	   Cpus                 :                 1         1
	   Disk (KB)            :        1        1     75555
	   Memory (MB)          :       27        1         1
...
006 (383501.029.000) 07/30 13:58:05 Image size of job updated: 355088
	30  -  MemoryUsage of job (MB)
	30712  -  ResidentSetSize of job (KB)
...
005 (383501.029.000) 07/30 13:58:05 Job terminated.
	(1) Normal termination (return value 0)
		Usr 0 00:02:33, Sys 0 00:00:07  -  Run Remote Usage
		Usr 0 00:00:00, Sys 0 00:00:00  -  Run Local Usage
		Usr 0 00:02:33, Sys 0 00:00:07  -  Total Remote Usage
		Usr 0 00:00:00, Sys 0 00:00:00  -  Total Local Usage
	0  -  Run Bytes Sent By Job
	0  -  Run Bytes Received By Job
	0  -  Total Bytes Sent By Job
	0  -  Total Bytes Received By Job
	Partitionable Resources :    Usage  Request Allocated
	   Cpus                 :                 1         1
	   Disk (KB)            :        1        1     18097
	   Memory (MB)          :       30        1         1
...
